<?xml version="1.0" encoding="UTF-8"?>
<!-- Generated by org.testng.reporters.JUnitReportReporter -->
<testsuite skipped="0" hostname="Abhijeets-MacBook-Air.local" name="qaclickacademy.SeleniumTest" tests="2" failures="0" timestamp="2019-11-03T16:23:39 IST" time="0.014" errors="0">
  <testcase name="BrowserAutomation" time="0.013" classname="qaclickacademy.SeleniumTest"/>
  <testcase name="elementsUi" time="0.001" classname="qaclickacademy.SeleniumTest"/>
</testsuite> <!-- qaclickacademy.SeleniumTest -->
