<?xml version="1.0" encoding="UTF-8"?>
<!-- Generated by org.testng.reporters.JUnitReportReporter -->
<testsuite skipped="0" hostname="Abhijeets-MacBook-Air.local" name="qaclickacademy.AppTest" tests="1" failures="0" timestamp="2019-11-03T15:51:00 IST" time="0.012" errors="0">
  <testcase name="testApp" time="0.012" classname="qaclickacademy.AppTest"/>
</testsuite> <!-- qaclickacademy.AppTest -->
