<?xml version="1.0" encoding="UTF-8"?>
<!-- Generated by org.testng.reporters.JUnitReportReporter -->
<testsuite skipped="0" hostname="Abhijeets-MacBook-Air.local" name="qaclickacademy.RESTAPITest" tests="2" failures="0" timestamp="2019-11-03T16:23:49 IST" time="0.003" errors="0">
  <testcase name="postJira" time="0.001" classname="qaclickacademy.RESTAPITest"/>
  <testcase name="deleteWriter" time="0.002" classname="qaclickacademy.RESTAPITest"/>
</testsuite> <!-- qaclickacademy.RESTAPITest -->
